
  .   ____          _            __ _ _
 /\\ / ___'_ __ _ _(_)_ __  __ _ \ \ \ \
( ( )\___ | '_ | '_| | '_ \/ _` | \ \ \ \
 \\/  ___)| |_)| | | | | || (_| |  ) ) ) )
  '  |____| .__|_| |_|_| |_\__, | / / / /
 =========|_|==============|___/=/_/_/_/
 :: Spring Boot ::                (v3.2.5)

{"time":"2026-02-14 19:04:31","level":"INFO","service":"transaction-service","msg":"Starting TransactionServiceApplication v1.0.0 using Java 22.0.2 with PID 15056 (D:\Automated-Fraud-Detection-and-Alerting-System--master\backend\transaction-service\target\transaction-service-1.0.0.jar started by user in D:\Automated-Fraud-Detection-and-Alerting-System--master\backend)"}
{"time":"2026-02-14 19:04:31","level":"DEBUG","service":"transaction-service","msg":"Running with Spring Boot v3.2.5, Spring v6.1.6"}
{"time":"2026-02-14 19:04:31","level":"INFO","service":"transaction-service","msg":"No active profile set, falling back to 1 default profile: "default""}
{"time":"2026-02-14 19:04:46","level":"INFO","service":"transaction-service","msg":"Bootstrapping Spring Data JPA repositories in DEFAULT mode."}
{"time":"2026-02-14 19:04:47","level":"INFO","service":"transaction-service","msg":"Finished Spring Data repository scanning in 255 ms. Found 1 JPA repository interface."}
{"time":"2026-02-14 19:04:56","level":"INFO","service":"transaction-service","msg":"Tomcat initialized with port 8082 (http)"}
{"time":"2026-02-14 19:04:56","level":"INFO","service":"transaction-service","msg":"Starting service [Tomcat]"}
{"time":"2026-02-14 19:04:56","level":"INFO","service":"transaction-service","msg":"Starting Servlet engine: [Apache Tomcat/10.1.20]"}
{"time":"2026-02-14 19:04:56","level":"INFO","service":"transaction-service","msg":"Initializing Spring embedded WebApplicationContext"}
{"time":"2026-02-14 19:04:56","level":"INFO","service":"transaction-service","msg":"Root WebApplicationContext: initialization completed in 23865 ms"}
{"time":"2026-02-14 19:04:59","level":"INFO","service":"transaction-service","msg":"HikariPool-1 - Starting..."}
{"time":"2026-02-14 19:05:01","level":"INFO","service":"transaction-service","msg":"HikariPool-1 - Added connection com.mysql.cj.jdbc.ConnectionImpl@72110818"}
{"time":"2026-02-14 19:05:01","level":"INFO","service":"transaction-service","msg":"HikariPool-1 - Start completed."}
{"time":"2026-02-14 19:05:02","level":"INFO","service":"transaction-service","msg":"Flyway Community Edition 9.22.3 by Redgate"}
{"time":"2026-02-14 19:05:02","level":"INFO","service":"transaction-service","msg":"See release notes here: https://rd.gt/416ObMi"}
{"time":"2026-02-14 19:05:02","level":"INFO","service":"transaction-service","msg":""}
{"time":"2026-02-14 19:05:03","level":"INFO","service":"transaction-service","msg":"Database: jdbc:mysql://localhost:3307/fraud_transactions (MySQL 8.0)"}
{"time":"2026-02-14 19:05:04","level":"INFO","service":"transaction-service","msg":"Successfully validated 1 migration (execution time 00:00.193s)"}
{"time":"2026-02-14 19:05:04","level":"INFO","service":"transaction-service","msg":"Current version of schema `fraud_transactions`: 1"}
{"time":"2026-02-14 19:05:04","level":"INFO","service":"transaction-service","msg":"Schema `fraud_transactions` is up to date. No migration necessary."}
{"time":"2026-02-14 19:05:04","level":"INFO","service":"transaction-service","msg":"HHH000204: Processing PersistenceUnitInfo [name: default]"}
{"time":"2026-02-14 19:05:05","level":"INFO","service":"transaction-service","msg":"HHH000412: Hibernate ORM core version 6.4.4.Final"}
{"time":"2026-02-14 19:05:05","level":"INFO","service":"transaction-service","msg":"HHH000026: Second-level cache disabled"}
{"time":"2026-02-14 19:05:06","level":"INFO","service":"transaction-service","msg":"No LoadTimeWeaver setup: ignoring JPA class transformer"}
{"time":"2026-02-14 19:05:07","level":"WARN","service":"transaction-service","msg":"HHH90000025: MySQLDialect does not need to be specified explicitly using 'hibernate.dialect' (remove the property setting and it will be selected by default)"}
{"time":"2026-02-14 19:05:11","level":"INFO","service":"transaction-service","msg":"HHH000489: No JTA platform available (set 'hibernate.transaction.jta.platform' to enable JTA platform integration)"}
{"time":"2026-02-14 19:05:12","level":"INFO","service":"transaction-service","msg":"Initialized JPA EntityManagerFactory for persistence unit 'default'"}
{"time":"2026-02-14 19:05:15","level":"INFO","service":"transaction-service","msg":"Hibernate is in classpath; If applicable, HQL parser will be used."}
{"time":"2026-02-14 19:05:19","level":"WARN","service":"transaction-service","msg":"spring.jpa.open-in-view is enabled by default. Therefore, database queries may be performed during view rendering. Explicitly configure spring.jpa.open-in-view to disable this warning"}
{"time":"2026-02-14 19:05:19","level":"WARN","service":"transaction-service","msg":"

Using generated security password: 6f539e5c-b823-4678-a970-12554c87a339

This generated password is for development use only. Your security configuration must be updated before running your application in production.
"}
{"time":"2026-02-14 19:05:22","level":"INFO","service":"transaction-service","msg":"Exposing 3 endpoint(s) beneath base path '/actuator'"}
{"time":"2026-02-14 19:05:23","level":"INFO","service":"transaction-service","msg":"Will secure any request with [org.springframework.security.web.session.DisableEncodeUrlFilter@775b3762, org.springframework.security.web.context.request.async.WebAsyncManagerIntegrationFilter@114b81af, org.springframework.security.web.context.SecurityContextHolderFilter@31419d4a, org.springframework.security.web.header.HeaderWriterFilter@6c92af74, org.springframework.web.filter.CorsFilter@4ef435f3, org.springframework.security.web.authentication.logout.LogoutFilter@38f9b6cd, org.springframework.security.web.savedrequest.RequestCacheAwareFilter@698df5e8, org.springframework.security.web.servletapi.SecurityContextHolderAwareRequestFilter@1f7b7ac4, org.springframework.security.web.authentication.AnonymousAuthenticationFilter@f25106c, org.springframework.security.web.session.SessionManagementFilter@4d78dd9d, org.springframework.security.web.access.ExceptionTranslationFilter@35cf5d9, org.springframework.security.web.access.intercept.AuthorizationFilter@18e69455]"}
{"time":"2026-02-14 19:05:28","level":"INFO","service":"transaction-service","msg":"Tomcat started on port 8082 (http) with context path ''"}
{"time":"2026-02-14 19:05:28","level":"INFO","service":"transaction-service","msg":"ConsumerConfig values: 
	allow.auto.create.topics = true
	auto.commit.interval.ms = 5000
	auto.include.jmx.reporter = true
	auto.offset.reset = earliest
	bootstrap.servers = [localhost:9092]
	check.crcs = true
	client.dns.lookup = use_all_dns_ips
	client.id = consumer-transaction-group-1
	client.rack = 
	connections.max.idle.ms = 540000
	default.api.timeout.ms = 60000
	enable.auto.commit = false
	exclude.internal.topics = true
	fetch.max.bytes = 52428800
	fetch.max.wait.ms = 500
	fetch.min.bytes = 1
	group.id = transaction-group
	group.instance.id = null
	heartbeat.interval.ms = 3000
	interceptor.classes = []
	internal.leave.group.on.close = true
	internal.throw.on.fetch.stable.offset.unsupported = false
	isolation.level = read_uncommitted
	key.deserializer = class org.apache.kafka.common.serialization.StringDeserializer
	max.partition.fetch.bytes = 1048576
	max.poll.interval.ms = 300000
	max.poll.records = 500
	metadata.max.age.ms = 300000
	metric.reporters = []
	metrics.num.samples = 2
	metrics.recording.level = INFO
	metrics.sample.window.ms = 30000
	partition.assignment.strategy = [class org.apache.kafka.clients.consumer.RangeAssignor, class org.apache.kafka.clients.consumer.CooperativeStickyAssignor]
	receive.buffer.bytes = 65536
	reconnect.backoff.max.ms = 1000
	reconnect.backoff.ms = 50
	request.timeout.ms = 30000
	retry.backoff.ms = 100
	sasl.client.callback.handler.class = null
	sasl.jaas.config = null
	sasl.kerberos.kinit.cmd = /usr/bin/kinit
	sasl.kerberos.min.time.before.relogin = 60000
	sasl.kerberos.service.name = null
	sasl.kerberos.ticket.renew.jitter = 0.05
	sasl.kerberos.ticket.renew.window.factor = 0.8
	sasl.login.callback.handler.class = null
	sasl.login.class = null
	sasl.login.connect.timeout.ms = null
	sasl.login.read.timeout.ms = null
	sasl.login.refresh.buffer.seconds = 300
	sasl.login.refresh.min.period.seconds = 60
	sasl.login.refresh.window.factor = 0.8
	sasl.login.refresh.window.jitter = 0.05
	sasl.login.retry.backoff.max.ms = 10000
	sasl.login.retry.backoff.ms = 100
	sasl.mechanism = GSSAPI
	sasl.oauthbearer.clock.skew.seconds = 30
	sasl.oauthbearer.expected.audience = null
	sasl.oauthbearer.expected.issuer = null
	sasl.oauthbearer.jwks.endpoint.refresh.ms = 3600000
	sasl.oauthbearer.jwks.endpoint.retry.backoff.max.ms = 10000
	sasl.oauthbearer.jwks.endpoint.retry.backoff.ms = 100
	sasl.oauthbearer.jwks.endpoint.url = null
	sasl.oauthbearer.scope.claim.name = scope
	sasl.oauthbearer.sub.claim.name = sub
	sasl.oauthbearer.token.endpoint.url = null
	security.protocol = PLAINTEXT
	security.providers = null
	send.buffer.bytes = 131072
	session.timeout.ms = 45000
	socket.connection.setup.timeout.max.ms = 30000
	socket.connection.setup.timeout.ms = 10000
	ssl.cipher.suites = null
	ssl.enabled.protocols = [TLSv1.2, TLSv1.3]
	ssl.endpoint.identification.algorithm = https
	ssl.engine.factory.class = null
	ssl.key.password = null
	ssl.keymanager.algorithm = SunX509
	ssl.keystore.certificate.chain = null
	ssl.keystore.key = null
	ssl.keystore.location = null
	ssl.keystore.password = null
	ssl.keystore.type = JKS
	ssl.protocol = TLSv1.3
	ssl.provider = null
	ssl.secure.random.implementation = null
	ssl.trustmanager.algorithm = PKIX
	ssl.truststore.certificates = null
	ssl.truststore.location = null
	ssl.truststore.password = null
	ssl.truststore.type = JKS
	value.deserializer = class org.springframework.kafka.support.serializer.JsonDeserializer
"}
{"time":"2026-02-14 19:05:28","level":"INFO","service":"transaction-service","msg":"Initializing Spring DispatcherServlet 'dispatcherServlet'"}
{"time":"2026-02-14 19:05:28","level":"INFO","service":"transaction-service","msg":"Initializing Servlet 'dispatcherServlet'"}
{"time":"2026-02-14 19:05:28","level":"INFO","service":"transaction-service","msg":"Completed initialization in 5 ms"}
{"time":"2026-02-14 19:05:29","level":"INFO","service":"transaction-service","msg":"Kafka version: 3.6.2"}
{"time":"2026-02-14 19:05:29","level":"INFO","service":"transaction-service","msg":"Kafka commitId: c4deed513057c94e"}
{"time":"2026-02-14 19:05:29","level":"INFO","service":"transaction-service","msg":"Kafka startTimeMs: 1771076129173"}
{"time":"2026-02-14 19:05:29","level":"INFO","service":"transaction-service","msg":"[Consumer clientId=consumer-transaction-group-1, groupId=transaction-group] Subscribed to topic(s): fraud.alerts"}
{"time":"2026-02-14 19:05:29","level":"INFO","service":"transaction-service","msg":"Started TransactionServiceApplication in 62.593 seconds (process running for 70.065)"}
{"time":"2026-02-14 19:05:32","level":"INFO","service":"transaction-service","msg":"[Consumer clientId=consumer-transaction-group-1, groupId=transaction-group] Cluster ID: WPiVAdxdSRixZnzSJJY8Bg"}
{"time":"2026-02-14 19:05:32","level":"INFO","service":"transaction-service","msg":"[Consumer clientId=consumer-transaction-group-1, groupId=transaction-group] Discovered group coordinator localhost:9092 (id: 2147483646 rack: null)"}
{"time":"2026-02-14 19:05:32","level":"INFO","service":"transaction-service","msg":"[Consumer clientId=consumer-transaction-group-1, groupId=transaction-group] (Re-)joining group"}
{"time":"2026-02-14 19:05:32","level":"INFO","service":"transaction-service","msg":"[Consumer clientId=consumer-transaction-group-1, groupId=transaction-group] Request joining group due to: need to re-join with the given member-id: consumer-transaction-group-1-c0f4da56-7aed-4740-9aa7-fcc8ce36e700"}
{"time":"2026-02-14 19:05:32","level":"INFO","service":"transaction-service","msg":"[Consumer clientId=consumer-transaction-group-1, groupId=transaction-group] Request joining group due to: rebalance failed due to 'The group member needs to have a valid member id before actually entering a consumer group.' (MemberIdRequiredException)"}
{"time":"2026-02-14 19:05:32","level":"INFO","service":"transaction-service","msg":"[Consumer clientId=consumer-transaction-group-1, groupId=transaction-group] (Re-)joining group"}
{"time":"2026-02-14 19:05:34","level":"INFO","service":"transaction-service","msg":"Transaction persisted: txnId=fb2b2a4b-141e-4142-8d67-1d98eea02194, userId=USR-REAL-01, amount=150.0"}
{"time":"2026-02-14 19:05:34","level":"INFO","service":"transaction-service","msg":"ProducerConfig values: 
	acks = -1
	auto.include.jmx.reporter = true
	batch.size = 16384
	bootstrap.servers = [localhost:9092]
	buffer.memory = 33554432
	client.dns.lookup = use_all_dns_ips
	client.id = producer-1
	compression.type = none
	connections.max.idle.ms = 540000
	delivery.timeout.ms = 120000
	enable.idempotence = true
	interceptor.classes = []
	key.serializer = class org.apache.kafka.common.serialization.StringSerializer
	linger.ms = 0
	max.block.ms = 60000
	max.in.flight.requests.per.connection = 5
	max.request.size = 1048576
	metadata.max.age.ms = 300000
	metadata.max.idle.ms = 300000
	metric.reporters = []
	metrics.num.samples = 2
	metrics.recording.level = INFO
	metrics.sample.window.ms = 30000
	partitioner.adaptive.partitioning.enable = true
	partitioner.availability.timeout.ms = 0
	partitioner.class = null
	partitioner.ignore.keys = false
	receive.buffer.bytes = 32768
	reconnect.backoff.max.ms = 1000
	reconnect.backoff.ms = 50
	request.timeout.ms = 30000
	retries = 3
	retry.backoff.ms = 100
	sasl.client.callback.handler.class = null
	sasl.jaas.config = null
	sasl.kerberos.kinit.cmd = /usr/bin/kinit
	sasl.kerberos.min.time.before.relogin = 60000
	sasl.kerberos.service.name = null
	sasl.kerberos.ticket.renew.jitter = 0.05
	sasl.kerberos.ticket.renew.window.factor = 0.8
	sasl.login.callback.handler.class = null
	sasl.login.class = null
	sasl.login.connect.timeout.ms = null
	sasl.login.read.timeout.ms = null
	sasl.login.refresh.buffer.seconds = 300
	sasl.login.refresh.min.period.seconds = 60
	sasl.login.refresh.window.factor = 0.8
	sasl.login.refresh.window.jitter = 0.05
	sasl.login.retry.backoff.max.ms = 10000
	sasl.login.retry.backoff.ms = 100
	sasl.mechanism = GSSAPI
	sasl.oauthbearer.clock.skew.seconds = 30
	sasl.oauthbearer.expected.audience = null
	sasl.oauthbearer.expected.issuer = null
	sasl.oauthbearer.jwks.endpoint.refresh.ms = 3600000
	sasl.oauthbearer.jwks.endpoint.retry.backoff.max.ms = 10000
	sasl.oauthbearer.jwks.endpoint.retry.backoff.ms = 100
	sasl.oauthbearer.jwks.endpoint.url = null
	sasl.oauthbearer.scope.claim.name = scope
	sasl.oauthbearer.sub.claim.name = sub
	sasl.oauthbearer.token.endpoint.url = null
	security.protocol = PLAINTEXT
	security.providers = null
	send.buffer.bytes = 131072
	socket.connection.setup.timeout.max.ms = 30000
	socket.connection.setup.timeout.ms = 10000
	ssl.cipher.suites = null
	ssl.enabled.protocols = [TLSv1.2, TLSv1.3]
	ssl.endpoint.identification.algorithm = https
	ssl.engine.factory.class = null
	ssl.key.password = null
	ssl.keymanager.algorithm = SunX509
	ssl.keystore.certificate.chain = null
	ssl.keystore.key = null
	ssl.keystore.location = null
	ssl.keystore.password = null
	ssl.keystore.type = JKS
	ssl.protocol = TLSv1.3
	ssl.provider = null
	ssl.secure.random.implementation = null
	ssl.trustmanager.algorithm = PKIX
	ssl.truststore.certificates = null
	ssl.truststore.location = null
	ssl.truststore.password = null
	ssl.truststore.type = JKS
	transaction.timeout.ms = 60000
	transactional.id = null
	value.serializer = class org.springframework.kafka.support.serializer.JsonSerializer
"}
{"time":"2026-02-14 19:05:34","level":"INFO","service":"transaction-service","msg":"[Producer clientId=producer-1] Instantiated an idempotent producer."}
{"time":"2026-02-14 19:05:34","level":"INFO","service":"transaction-service","msg":"Kafka version: 3.6.2"}
{"time":"2026-02-14 19:05:34","level":"INFO","service":"transaction-service","msg":"Kafka commitId: c4deed513057c94e"}
{"time":"2026-02-14 19:05:34","level":"INFO","service":"transaction-service","msg":"Kafka startTimeMs: 1771076134308"}
{"time":"2026-02-14 19:05:34","level":"INFO","service":"transaction-service","msg":"[Producer clientId=producer-1] Cluster ID: WPiVAdxdSRixZnzSJJY8Bg"}
{"time":"2026-02-14 19:05:34","level":"INFO","service":"transaction-service","msg":"[Producer clientId=producer-1] ProducerId set to 10 with epoch 0"}
{"time":"2026-02-14 19:05:34","level":"INFO","service":"transaction-service","msg":"Published transaction event: txnId=fb2b2a4b-141e-4142-8d67-1d98eea02194, partition=0, offset=50"}
{"time":"2026-02-14 19:05:34","level":"INFO","service":"transaction-service","msg":"Transaction submitted: txnId=fb2b2a4b-141e-4142-8d67-1d98eea02194"}
{"time":"2026-02-14 19:05:35","level":"INFO","service":"transaction-service","msg":"Transaction persisted: txnId=1420b6f6-1180-4ef0-8151-9e8dddb4f8d5, userId=USR-REAL-01, amount=500.0"}
{"time":"2026-02-14 19:05:35","level":"INFO","service":"transaction-service","msg":"Published transaction event: txnId=1420b6f6-1180-4ef0-8151-9e8dddb4f8d5, partition=0, offset=51"}
{"time":"2026-02-14 19:05:35","level":"INFO","service":"transaction-service","msg":"Transaction submitted: txnId=1420b6f6-1180-4ef0-8151-9e8dddb4f8d5"}
{"time":"2026-02-14 19:05:35","level":"INFO","service":"transaction-service","msg":"[Consumer clientId=consumer-transaction-group-1, groupId=transaction-group] Successfully joined group with generation Generation{generationId=5, memberId='consumer-transaction-group-1-c0f4da56-7aed-4740-9aa7-fcc8ce36e700', protocol='range'}"}
{"time":"2026-02-14 19:05:35","level":"INFO","service":"transaction-service","msg":"[Consumer clientId=consumer-transaction-group-1, groupId=transaction-group] Finished assignment for group at generation 5: {consumer-transaction-group-1-c0f4da56-7aed-4740-9aa7-fcc8ce36e700=Assignment(partitions=[fraud.alerts-0])}"}
{"time":"2026-02-14 19:05:35","level":"INFO","service":"transaction-service","msg":"[Consumer clientId=consumer-transaction-group-1, groupId=transaction-group] Successfully synced group in generation Generation{generationId=5, memberId='consumer-transaction-group-1-c0f4da56-7aed-4740-9aa7-fcc8ce36e700', protocol='range'}"}
{"time":"2026-02-14 19:05:35","level":"INFO","service":"transaction-service","msg":"[Consumer clientId=consumer-transaction-group-1, groupId=transaction-group] Notifying assignor about the new Assignment(partitions=[fraud.alerts-0])"}
{"time":"2026-02-14 19:05:35","level":"INFO","service":"transaction-service","msg":"[Consumer clientId=consumer-transaction-group-1, groupId=transaction-group] Adding newly assigned partitions: fraud.alerts-0"}
{"time":"2026-02-14 19:05:35","level":"INFO","service":"transaction-service","msg":"[Consumer clientId=consumer-transaction-group-1, groupId=transaction-group] Found no committed offset for partition fraud.alerts-0"}
{"time":"2026-02-14 19:05:35","level":"INFO","service":"transaction-service","msg":"[Consumer clientId=consumer-transaction-group-1, groupId=transaction-group] Resetting offset for partition fraud.alerts-0 to position FetchPosition{offset=0, offsetEpoch=Optional.empty, currentLeader=LeaderAndEpoch{leader=Optional[localhost:9092 (id: 1 rack: null)], epoch=0}}."}
{"time":"2026-02-14 19:05:35","level":"INFO","service":"transaction-service","msg":"transaction-group: partitions assigned: [fraud.alerts-0]"}
{"time":"2026-02-14 19:05:35","level":"INFO","service":"transaction-service","msg":"Received Fraud Result for txnId=b8eafc36-f1c3-4e40-b18f-e578eacca54e: score=0, decision=ALLOW"}
{"time":"2026-02-14 19:05:35","level":"INFO","service":"transaction-service","msg":"Updated transaction b8eafc36-f1c3-4e40-b18f-e578eacca54e with fraud result: risk=0, decision=ALLOW"}
{"time":"2026-02-14 19:05:35","level":"INFO","service":"transaction-service","msg":"Received Fraud Result for txnId=218b4723-4804-422f-984b-d09558a901a9: score=0, decision=ALLOW"}
{"time":"2026-02-14 19:05:35","level":"INFO","service":"transaction-service","msg":"Updated transaction 218b4723-4804-422f-984b-d09558a901a9 with fraud result: risk=0, decision=ALLOW"}
{"time":"2026-02-14 19:05:35","level":"INFO","service":"transaction-service","msg":"Received Fraud Result for txnId=03fd4bfd-4adb-4927-abe3-402f6c55b271: score=0, decision=ALLOW"}
{"time":"2026-02-14 19:05:35","level":"INFO","service":"transaction-service","msg":"Transaction persisted: txnId=ce4a4ee6-6073-4421-b83d-d65c6f0a26f9, userId=USR-REAL-01, amount=1200.0"}
{"time":"2026-02-14 19:05:35","level":"INFO","service":"transaction-service","msg":"Updated transaction 03fd4bfd-4adb-4927-abe3-402f6c55b271 with fraud result: risk=0, decision=ALLOW"}
{"time":"2026-02-14 19:05:35","level":"INFO","service":"transaction-service","msg":"Published transaction event: txnId=ce4a4ee6-6073-4421-b83d-d65c6f0a26f9, partition=0, offset=52"}
{"time":"2026-02-14 19:05:36","level":"INFO","service":"transaction-service","msg":"Transaction submitted: txnId=ce4a4ee6-6073-4421-b83d-d65c6f0a26f9"}
{"time":"2026-02-14 19:05:36","level":"INFO","service":"transaction-service","msg":"Received Fraud Result for txnId=5258d43b-9567-49c0-b07d-3e8c1f9675f5: score=0, decision=ALLOW"}
{"time":"2026-02-14 19:05:36","level":"INFO","service":"transaction-service","msg":"Updated transaction 5258d43b-9567-49c0-b07d-3e8c1f9675f5 with fraud result: risk=0, decision=ALLOW"}
{"time":"2026-02-14 19:05:36","level":"INFO","service":"transaction-service","msg":"Received Fraud Result for txnId=7702c993-e171-463c-a617-ce148d28ae5c: score=0, decision=ALLOW"}
{"time":"2026-02-14 19:05:36","level":"INFO","service":"transaction-service","msg":"Updated transaction 7702c993-e171-463c-a617-ce148d28ae5c with fraud result: risk=0, decision=ALLOW"}
{"time":"2026-02-14 19:05:36","level":"INFO","service":"transaction-service","msg":"Received Fraud Result for txnId=d62dd624-a854-4430-9b49-be1e0da8e660: score=0, decision=ALLOW"}
{"time":"2026-02-14 19:05:36","level":"INFO","service":"transaction-service","msg":"Updated transaction d62dd624-a854-4430-9b49-be1e0da8e660 with fraud result: risk=0, decision=ALLOW"}
{"time":"2026-02-14 19:05:36","level":"INFO","service":"transaction-service","msg":"Received Fraud Result for txnId=d595e8d7-ef9e-4a2b-bc86-2c72a9443d95: score=0, decision=ALLOW"}
{"time":"2026-02-14 19:05:36","level":"INFO","service":"transaction-service","msg":"Updated transaction d595e8d7-ef9e-4a2b-bc86-2c72a9443d95 with fraud result: risk=0, decision=ALLOW"}
{"time":"2026-02-14 19:05:36","level":"INFO","service":"transaction-service","msg":"Received Fraud Result for txnId=432543f9-0bd6-4cd4-b84a-866ce5ba2256: score=0, decision=ALLOW"}
{"time":"2026-02-14 19:05:36","level":"INFO","service":"transaction-service","msg":"Updated transaction 432543f9-0bd6-4cd4-b84a-866ce5ba2256 with fraud result: risk=0, decision=ALLOW"}
{"time":"2026-02-14 19:05:36","level":"INFO","service":"transaction-service","msg":"Received Fraud Result for txnId=298a67ec-0d1a-4a5c-a1ec-2a8f6a3ea0e0: score=0, decision=ALLOW"}
{"time":"2026-02-14 19:05:36","level":"INFO","service":"transaction-service","msg":"Updated transaction 298a67ec-0d1a-4a5c-a1ec-2a8f6a3ea0e0 with fraud result: risk=0, decision=ALLOW"}
{"time":"2026-02-14 19:05:36","level":"INFO","service":"transaction-service","msg":"Received Fraud Result for txnId=94bb6546-74fe-40d9-99b0-701bc6ab8a29: score=0, decision=ALLOW"}
{"time":"2026-02-14 19:05:36","level":"INFO","service":"transaction-service","msg":"Updated transaction 94bb6546-74fe-40d9-99b0-701bc6ab8a29 with fraud result: risk=0, decision=ALLOW"}
{"time":"2026-02-14 19:05:36","level":"INFO","service":"transaction-service","msg":"Received Fraud Result for txnId=b6ddd79f-d6b6-45a5-bea0-ac562553788c: score=0, decision=ALLOW"}
{"time":"2026-02-14 19:05:36","level":"INFO","service":"transaction-service","msg":"Updated transaction b6ddd79f-d6b6-45a5-bea0-ac562553788c with fraud result: risk=0, decision=ALLOW"}
{"time":"2026-02-14 19:05:36","level":"INFO","service":"transaction-service","msg":"Received Fraud Result for txnId=128c0844-63ca-4a79-b06b-e0b6f6122e36: score=0, decision=ALLOW"}
{"time":"2026-02-14 19:05:36","level":"INFO","service":"transaction-service","msg":"Updated transaction 128c0844-63ca-4a79-b06b-e0b6f6122e36 with fraud result: risk=0, decision=ALLOW"}
{"time":"2026-02-14 19:05:36","level":"INFO","service":"transaction-service","msg":"Received Fraud Result for txnId=37640abd-2f91-48da-a70e-85fcbc8b889a: score=0, decision=ALLOW"}
{"time":"2026-02-14 19:05:36","level":"INFO","service":"transaction-service","msg":"Updated transaction 37640abd-2f91-48da-a70e-85fcbc8b889a with fraud result: risk=0, decision=ALLOW"}
{"time":"2026-02-14 19:05:36","level":"INFO","service":"transaction-service","msg":"Received Fraud Result for txnId=253b6f34-b7ae-413c-adc2-513943eac33d: score=0, decision=ALLOW"}
{"time":"2026-02-14 19:05:36","level":"INFO","service":"transaction-service","msg":"Updated transaction 253b6f34-b7ae-413c-adc2-513943eac33d with fraud result: risk=0, decision=ALLOW"}
{"time":"2026-02-14 19:05:36","level":"INFO","service":"transaction-service","msg":"Received Fraud Result for txnId=9adabf47-91fc-4691-bc49-7ca93f40c6a7: score=0, decision=ALLOW"}
{"time":"2026-02-14 19:05:36","level":"INFO","service":"transaction-service","msg":"Updated transaction 9adabf47-91fc-4691-bc49-7ca93f40c6a7 with fraud result: risk=0, decision=ALLOW"}
{"time":"2026-02-14 19:05:36","level":"INFO","service":"transaction-service","msg":"Received Fraud Result for txnId=60fdc5f9-1062-4463-8bed-c3b617e0f117: score=0, decision=ALLOW"}
{"time":"2026-02-14 19:05:36","level":"INFO","service":"transaction-service","msg":"Updated transaction 60fdc5f9-1062-4463-8bed-c3b617e0f117 with fraud result: risk=0, decision=ALLOW"}
{"time":"2026-02-14 19:05:36","level":"INFO","service":"transaction-service","msg":"Received Fraud Result for txnId=6f3273ff-37c1-45c8-8d39-8d11be091afd: score=0, decision=ALLOW"}
{"time":"2026-02-14 19:05:36","level":"INFO","service":"transaction-service","msg":"Updated transaction 6f3273ff-37c1-45c8-8d39-8d11be091afd with fraud result: risk=0, decision=ALLOW"}
{"time":"2026-02-14 19:05:36","level":"INFO","service":"transaction-service","msg":"Received Fraud Result for txnId=d2762897-e8fb-4560-9a68-a5c5b02ce3e0: score=0, decision=ALLOW"}
{"time":"2026-02-14 19:05:36","level":"INFO","service":"transaction-service","msg":"Updated transaction d2762897-e8fb-4560-9a68-a5c5b02ce3e0 with fraud result: risk=0, decision=ALLOW"}
{"time":"2026-02-14 19:05:36","level":"INFO","service":"transaction-service","msg":"Received Fraud Result for txnId=863ba1ff-1caa-4e7a-a8a1-427bac8886d0: score=0, decision=ALLOW"}
{"time":"2026-02-14 19:05:36","level":"INFO","service":"transaction-service","msg":"Updated transaction 863ba1ff-1caa-4e7a-a8a1-427bac8886d0 with fraud result: risk=0, decision=ALLOW"}
{"time":"2026-02-14 19:05:36","level":"INFO","service":"transaction-service","msg":"Transaction persisted: txnId=3ec080bd-2c9a-462a-a2c3-43441b356fef, userId=USR-REAL-01, amount=2500.0"}
{"time":"2026-02-14 19:05:36","level":"INFO","service":"transaction-service","msg":"Published transaction event: txnId=3ec080bd-2c9a-462a-a2c3-43441b356fef, partition=0, offset=53"}
{"time":"2026-02-14 19:05:36","level":"INFO","service":"transaction-service","msg":"Received Fraud Result for txnId=c3e7d075-b3cb-4265-86e1-1e7a1933ba70: score=0, decision=ALLOW"}
{"time":"2026-02-14 19:05:36","level":"INFO","service":"transaction-service","msg":"Updated transaction c3e7d075-b3cb-4265-86e1-1e7a1933ba70 with fraud result: risk=0, decision=ALLOW"}
{"time":"2026-02-14 19:05:36","level":"INFO","service":"transaction-service","msg":"Transaction submitted: txnId=3ec080bd-2c9a-462a-a2c3-43441b356fef"}
{"time":"2026-02-14 19:05:36","level":"INFO","service":"transaction-service","msg":"Received Fraud Result for txnId=237dd63f-a3fa-46ec-a663-259d9413d7c3: score=0, decision=ALLOW"}
{"time":"2026-02-14 19:05:36","level":"INFO","service":"transaction-service","msg":"Updated transaction 237dd63f-a3fa-46ec-a663-259d9413d7c3 with fraud result: risk=0, decision=ALLOW"}
{"time":"2026-02-14 19:05:36","level":"INFO","service":"transaction-service","msg":"Received Fraud Result for txnId=65b349ba-29ff-4fff-8147-f0b0b92df9fd: score=0, decision=ALLOW"}
{"time":"2026-02-14 19:05:36","level":"INFO","service":"transaction-service","msg":"Updated transaction 65b349ba-29ff-4fff-8147-f0b0b92df9fd with fraud result: risk=0, decision=ALLOW"}
{"time":"2026-02-14 19:05:36","level":"INFO","service":"transaction-service","msg":"Received Fraud Result for txnId=7c6e22ad-bed8-41b1-85f9-ac7be17646ac: score=0, decision=ALLOW"}
{"time":"2026-02-14 19:05:36","level":"INFO","service":"transaction-service","msg":"Updated transaction 7c6e22ad-bed8-41b1-85f9-ac7be17646ac with fraud result: risk=0, decision=ALLOW"}
{"time":"2026-02-14 19:05:36","level":"INFO","service":"transaction-service","msg":"Received Fraud Result for txnId=08831f65-3bae-4f0f-9d4d-02e57b1e5d58: score=0, decision=ALLOW"}
{"time":"2026-02-14 19:05:36","level":"INFO","service":"transaction-service","msg":"Updated transaction 08831f65-3bae-4f0f-9d4d-02e57b1e5d58 with fraud result: risk=0, decision=ALLOW"}
{"time":"2026-02-14 19:05:36","level":"INFO","service":"transaction-service","msg":"Received Fraud Result for txnId=b1178791-8111-4a25-a3fb-c57f7e3721a5: score=0, decision=ALLOW"}
{"time":"2026-02-14 19:05:36","level":"INFO","service":"transaction-service","msg":"Updated transaction b1178791-8111-4a25-a3fb-c57f7e3721a5 with fraud result: risk=0, decision=ALLOW"}
{"time":"2026-02-14 19:05:36","level":"INFO","service":"transaction-service","msg":"Received Fraud Result for txnId=bc005422-c3a2-4fff-9cf6-5e4a3f062314: score=0, decision=ALLOW"}
{"time":"2026-02-14 19:05:36","level":"INFO","service":"transaction-service","msg":"Updated transaction bc005422-c3a2-4fff-9cf6-5e4a3f062314 with fraud result: risk=0, decision=ALLOW"}
{"time":"2026-02-14 19:05:36","level":"INFO","service":"transaction-service","msg":"Received Fraud Result for txnId=47155347-eae6-4bdf-9ccc-fd82bedf1943: score=0, decision=ALLOW"}
{"time":"2026-02-14 19:05:36","level":"INFO","service":"transaction-service","msg":"Updated transaction 47155347-eae6-4bdf-9ccc-fd82bedf1943 with fraud result: risk=0, decision=ALLOW"}
{"time":"2026-02-14 19:05:36","level":"INFO","service":"transaction-service","msg":"Received Fraud Result for txnId=5fe8aabb-7ed8-4fcb-bfe6-4b13357c4186: score=0, decision=ALLOW"}
{"time":"2026-02-14 19:05:36","level":"INFO","service":"transaction-service","msg":"Updated transaction 5fe8aabb-7ed8-4fcb-bfe6-4b13357c4186 with fraud result: risk=0, decision=ALLOW"}
{"time":"2026-02-14 19:05:36","level":"INFO","service":"transaction-service","msg":"Received Fraud Result for txnId=a449fc4c-123d-400b-9d9b-83448d20265a: score=0, decision=ALLOW"}
{"time":"2026-02-14 19:05:36","level":"INFO","service":"transaction-service","msg":"Updated transaction a449fc4c-123d-400b-9d9b-83448d20265a with fraud result: risk=0, decision=ALLOW"}
{"time":"2026-02-14 19:05:36","level":"INFO","service":"transaction-service","msg":"Received Fraud Result for txnId=9d3ef6b9-d2ee-431a-b104-093669d99786: score=0, decision=ALLOW"}
{"time":"2026-02-14 19:05:37","level":"INFO","service":"transaction-service","msg":"Updated transaction 9d3ef6b9-d2ee-431a-b104-093669d99786 with fraud result: risk=0, decision=ALLOW"}
{"time":"2026-02-14 19:05:37","level":"INFO","service":"transaction-service","msg":"Received Fraud Result for txnId=d9bff164-a80a-43a7-851d-77fda68f6cc8: score=0, decision=ALLOW"}
{"time":"2026-02-14 19:05:37","level":"INFO","service":"transaction-service","msg":"Updated transaction d9bff164-a80a-43a7-851d-77fda68f6cc8 with fraud result: risk=0, decision=ALLOW"}
{"time":"2026-02-14 19:05:37","level":"INFO","service":"transaction-service","msg":"Received Fraud Result for txnId=04e23f36-5598-4c72-a2dc-5b5fc1144849: score=0, decision=ALLOW"}
{"time":"2026-02-14 19:05:37","level":"INFO","service":"transaction-service","msg":"Updated transaction 04e23f36-5598-4c72-a2dc-5b5fc1144849 with fraud result: risk=0, decision=ALLOW"}
{"time":"2026-02-14 19:05:37","level":"INFO","service":"transaction-service","msg":"Received Fraud Result for txnId=fbc8252c-29bd-4b95-b2c2-4051b60c158b: score=0, decision=ALLOW"}
{"time":"2026-02-14 19:05:37","level":"INFO","service":"transaction-service","msg":"Updated transaction fbc8252c-29bd-4b95-b2c2-4051b60c158b with fraud result: risk=0, decision=ALLOW"}
{"time":"2026-02-14 19:05:37","level":"INFO","service":"transaction-service","msg":"Received Fraud Result for txnId=623eba32-b4d6-4cac-957b-a456db57b652: score=0, decision=ALLOW"}
{"time":"2026-02-14 19:05:37","level":"INFO","service":"transaction-service","msg":"Updated transaction 623eba32-b4d6-4cac-957b-a456db57b652 with fraud result: risk=0, decision=ALLOW"}
{"time":"2026-02-14 19:05:37","level":"INFO","service":"transaction-service","msg":"Transaction persisted: txnId=c5a6c566-b0f8-4592-a13b-df6672b089d3, userId=USR-REAL-01, amount=450.0"}
{"time":"2026-02-14 19:05:37","level":"INFO","service":"transaction-service","msg":"Published transaction event: txnId=c5a6c566-b0f8-4592-a13b-df6672b089d3, partition=0, offset=54"}
{"time":"2026-02-14 19:05:37","level":"INFO","service":"transaction-service","msg":"Received Fraud Result for txnId=20aecee9-a2e1-443d-a51c-27f1bf72257d: score=0, decision=ALLOW"}
{"time":"2026-02-14 19:05:37","level":"INFO","service":"transaction-service","msg":"Updated transaction 20aecee9-a2e1-443d-a51c-27f1bf72257d with fraud result: risk=0, decision=ALLOW"}
{"time":"2026-02-14 19:05:37","level":"INFO","service":"transaction-service","msg":"Transaction submitted: txnId=c5a6c566-b0f8-4592-a13b-df6672b089d3"}
{"time":"2026-02-14 19:05:37","level":"INFO","service":"transaction-service","msg":"Received Fraud Result for txnId=65c9bf4b-fb71-4acc-859e-615e1d665605: score=30, decision=ALLOW"}
{"time":"2026-02-14 19:05:37","level":"INFO","service":"transaction-service","msg":"Updated transaction 65c9bf4b-fb71-4acc-859e-615e1d665605 with fraud result: risk=30, decision=ALLOW"}
{"time":"2026-02-14 19:05:37","level":"INFO","service":"transaction-service","msg":"Received Fraud Result for txnId=44032845-9bb8-4ca9-8a8a-6297d1861e6c: score=30, decision=ALLOW"}
{"time":"2026-02-14 19:05:37","level":"INFO","service":"transaction-service","msg":"Updated transaction 44032845-9bb8-4ca9-8a8a-6297d1861e6c with fraud result: risk=30, decision=ALLOW"}
{"time":"2026-02-14 19:05:37","level":"INFO","service":"transaction-service","msg":"Received Fraud Result for txnId=abdb2b10-6699-4dfa-ba2a-e5d71710c494: score=0, decision=ALLOW"}
{"time":"2026-02-14 19:05:37","level":"INFO","service":"transaction-service","msg":"Updated transaction abdb2b10-6699-4dfa-ba2a-e5d71710c494 with fraud result: risk=0, decision=ALLOW"}
{"time":"2026-02-14 19:05:37","level":"INFO","service":"transaction-service","msg":"Received Fraud Result for txnId=3bc38d77-3ea1-4c50-bd9f-5f2ad5cf1e33: score=0, decision=ALLOW"}
{"time":"2026-02-14 19:05:37","level":"INFO","service":"transaction-service","msg":"Updated transaction 3bc38d77-3ea1-4c50-bd9f-5f2ad5cf1e33 with fraud result: risk=0, decision=ALLOW"}
{"time":"2026-02-14 19:05:37","level":"INFO","service":"transaction-service","msg":"Received Fraud Result for txnId=a5debee8-6925-4ad2-9562-8a832c29856d: score=0, decision=ALLOW"}
{"time":"2026-02-14 19:05:37","level":"INFO","service":"transaction-service","msg":"Updated transaction a5debee8-6925-4ad2-9562-8a832c29856d with fraud result: risk=0, decision=ALLOW"}
{"time":"2026-02-14 19:05:37","level":"INFO","service":"transaction-service","msg":"Received Fraud Result for txnId=f0a0e854-7c77-4e83-a225-1353a47a03a8: score=0, decision=ALLOW"}
{"time":"2026-02-14 19:05:37","level":"INFO","service":"transaction-service","msg":"Updated transaction f0a0e854-7c77-4e83-a225-1353a47a03a8 with fraud result: risk=0, decision=ALLOW"}
{"time":"2026-02-14 19:05:37","level":"INFO","service":"transaction-service","msg":"Received Fraud Result for txnId=2ba4ac90-03ba-4821-9adc-2e65099821f5: score=30, decision=ALLOW"}
{"time":"2026-02-14 19:05:37","level":"INFO","service":"transaction-service","msg":"Updated transaction 2ba4ac90-03ba-4821-9adc-2e65099821f5 with fraud result: risk=30, decision=ALLOW"}
{"time":"2026-02-14 19:05:37","level":"INFO","service":"transaction-service","msg":"Received Fraud Result for txnId=fd4f766f-fbde-461e-9578-a0a81ab10ebc: score=30, decision=ALLOW"}
{"time":"2026-02-14 19:05:37","level":"INFO","service":"transaction-service","msg":"Updated transaction fd4f766f-fbde-461e-9578-a0a81ab10ebc with fraud result: risk=30, decision=ALLOW"}
{"time":"2026-02-14 19:05:37","level":"INFO","service":"transaction-service","msg":"Received Fraud Result for txnId=f5f7aec9-1427-452f-b841-ddc043c7f281: score=0, decision=ALLOW"}
{"time":"2026-02-14 19:05:37","level":"INFO","service":"transaction-service","msg":"Updated transaction f5f7aec9-1427-452f-b841-ddc043c7f281 with fraud result: risk=0, decision=ALLOW"}
{"time":"2026-02-14 19:05:37","level":"INFO","service":"transaction-service","msg":"Received Fraud Result for txnId=11c19ba9-e220-4293-9aad-e2d2c5660cae: score=0, decision=ALLOW"}
{"time":"2026-02-14 19:05:37","level":"INFO","service":"transaction-service","msg":"Updated transaction 11c19ba9-e220-4293-9aad-e2d2c5660cae with fraud result: risk=0, decision=ALLOW"}
{"time":"2026-02-14 19:05:37","level":"INFO","service":"transaction-service","msg":"Received Fraud Result for txnId=1f705006-d707-4cfe-992d-6a027eb78199: score=0, decision=ALLOW"}
{"time":"2026-02-14 19:05:37","level":"INFO","service":"transaction-service","msg":"Updated transaction 1f705006-d707-4cfe-992d-6a027eb78199 with fraud result: risk=0, decision=ALLOW"}
{"time":"2026-02-14 19:05:37","level":"INFO","service":"transaction-service","msg":"Received Fraud Result for txnId=65d704b0-645c-44b3-815c-8083c124f98a: score=0, decision=ALLOW"}
{"time":"2026-02-14 19:05:37","level":"INFO","service":"transaction-service","msg":"Updated transaction 65d704b0-645c-44b3-815c-8083c124f98a with fraud result: risk=0, decision=ALLOW"}
{"time":"2026-02-14 19:05:37","level":"INFO","service":"transaction-service","msg":"Received Fraud Result for txnId=c3862683-d41a-488f-bf76-928b50730e9a: score=0, decision=ALLOW"}
{"time":"2026-02-14 19:05:37","level":"INFO","service":"transaction-service","msg":"Updated transaction c3862683-d41a-488f-bf76-928b50730e9a with fraud result: risk=0, decision=ALLOW"}
{"time":"2026-02-14 19:05:37","level":"INFO","service":"transaction-service","msg":"Received Fraud Result for txnId=abac9162-5263-4dfa-8224-c072dd493a38: score=0, decision=ALLOW"}
{"time":"2026-02-14 19:05:37","level":"INFO","service":"transaction-service","msg":"Updated transaction abac9162-5263-4dfa-8224-c072dd493a38 with fraud result: risk=0, decision=ALLOW"}
{"time":"2026-02-14 19:05:37","level":"INFO","service":"transaction-service","msg":"Received Fraud Result for txnId=2e6ab452-1efc-47c1-bbe0-c8afbdd61aa5: score=50, decision=ALERT"}
{"time":"2026-02-14 19:05:37","level":"INFO","service":"transaction-service","msg":"Updated transaction 2e6ab452-1efc-47c1-bbe0-c8afbdd61aa5 with fraud result: risk=50, decision=ALERT"}
{"time":"2026-02-14 19:05:37","level":"INFO","service":"transaction-service","msg":"Received Fraud Result for txnId=fb2b2a4b-141e-4142-8d67-1d98eea02194: score=0, decision=ALLOW"}
{"time":"2026-02-14 19:05:37","level":"INFO","service":"transaction-service","msg":"Updated transaction fb2b2a4b-141e-4142-8d67-1d98eea02194 with fraud result: risk=0, decision=ALLOW"}
{"time":"2026-02-14 19:05:37","level":"INFO","service":"transaction-service","msg":"Received Fraud Result for txnId=1420b6f6-1180-4ef0-8151-9e8dddb4f8d5: score=0, decision=ALLOW"}
{"time":"2026-02-14 19:05:37","level":"INFO","service":"transaction-service","msg":"Updated transaction 1420b6f6-1180-4ef0-8151-9e8dddb4f8d5 with fraud result: risk=0, decision=ALLOW"}
{"time":"2026-02-14 19:05:37","level":"INFO","service":"transaction-service","msg":"Received Fraud Result for txnId=ce4a4ee6-6073-4421-b83d-d65c6f0a26f9: score=0, decision=ALLOW"}
{"time":"2026-02-14 19:05:37","level":"INFO","service":"transaction-service","msg":"Updated transaction ce4a4ee6-6073-4421-b83d-d65c6f0a26f9 with fraud result: risk=0, decision=ALLOW"}
{"time":"2026-02-14 19:05:38","level":"INFO","service":"transaction-service","msg":"Received Fraud Result for txnId=3ec080bd-2c9a-462a-a2c3-43441b356fef: score=0, decision=ALLOW"}
{"time":"2026-02-14 19:05:38","level":"INFO","service":"transaction-service","msg":"Updated transaction 3ec080bd-2c9a-462a-a2c3-43441b356fef with fraud result: risk=0, decision=ALLOW"}
{"time":"2026-02-14 19:05:38","level":"INFO","service":"transaction-service","msg":"Received Fraud Result for txnId=c5a6c566-b0f8-4592-a13b-df6672b089d3: score=0, decision=ALLOW"}
{"time":"2026-02-14 19:05:38","level":"INFO","service":"transaction-service","msg":"Updated transaction c5a6c566-b0f8-4592-a13b-df6672b089d3 with fraud result: risk=0, decision=ALLOW"}
{"time":"2026-02-14 19:06:14","level":"INFO","service":"transaction-service","msg":"Transaction persisted: txnId=8ca71e31-9995-442e-93d4-b08dd0a9628e, userId=USR-TEST-FINAL, amount=150000.0"}
{"time":"2026-02-14 19:06:14","level":"INFO","service":"transaction-service","msg":"Published transaction event: txnId=8ca71e31-9995-442e-93d4-b08dd0a9628e, partition=0, offset=55"}
{"time":"2026-02-14 19:06:14","level":"INFO","service":"transaction-service","msg":"Transaction submitted: txnId=8ca71e31-9995-442e-93d4-b08dd0a9628e"}
{"time":"2026-02-14 19:06:14","level":"INFO","service":"transaction-service","msg":"Received Fraud Result for txnId=8ca71e31-9995-442e-93d4-b08dd0a9628e: score=50, decision=ALERT"}
{"time":"2026-02-14 19:06:14","level":"INFO","service":"transaction-service","msg":"Updated transaction 8ca71e31-9995-442e-93d4-b08dd0a9628e with fraud result: risk=50, decision=ALERT"}
{"time":"2026-02-14 19:10:05","level":"INFO","service":"transaction-service","msg":"Transaction persisted: txnId=36d19da1-6f21-4bb8-87a5-a80753059c06, userId=USR-SIM-04, amount=150000.0"}
{"time":"2026-02-14 19:10:05","level":"INFO","service":"transaction-service","msg":"Published transaction event: txnId=36d19da1-6f21-4bb8-87a5-a80753059c06, partition=0, offset=56"}
{"time":"2026-02-14 19:10:05","level":"INFO","service":"transaction-service","msg":"Transaction submitted: txnId=36d19da1-6f21-4bb8-87a5-a80753059c06"}
{"time":"2026-02-14 19:10:05","level":"INFO","service":"transaction-service","msg":"Received Fraud Result for txnId=36d19da1-6f21-4bb8-87a5-a80753059c06: score=50, decision=ALERT"}
{"time":"2026-02-14 19:10:05","level":"INFO","service":"transaction-service","msg":"Updated transaction 36d19da1-6f21-4bb8-87a5-a80753059c06 with fraud result: risk=50, decision=ALERT"}
{"time":"2026-02-14 19:10:30","level":"INFO","service":"transaction-service","msg":"Transaction persisted: txnId=fd8e2d7f-e086-4d7e-9190-ea2f02679012, userId=USR-SIM-04, amount=150000.0"}
{"time":"2026-02-14 19:10:30","level":"INFO","service":"transaction-service","msg":"Published transaction event: txnId=fd8e2d7f-e086-4d7e-9190-ea2f02679012, partition=0, offset=57"}
{"time":"2026-02-14 19:10:30","level":"INFO","service":"transaction-service","msg":"Transaction submitted: txnId=fd8e2d7f-e086-4d7e-9190-ea2f02679012"}
{"time":"2026-02-14 19:10:30","level":"INFO","service":"transaction-service","msg":"Received Fraud Result for txnId=fd8e2d7f-e086-4d7e-9190-ea2f02679012: score=50, decision=ALERT"}
{"time":"2026-02-14 19:10:30","level":"INFO","service":"transaction-service","msg":"Updated transaction fd8e2d7f-e086-4d7e-9190-ea2f02679012 with fraud result: risk=50, decision=ALERT"}
{"time":"2026-02-14 19:10:31","level":"INFO","service":"transaction-service","msg":"Transaction persisted: txnId=47bccb75-065b-4a0f-944d-467e82653f61, userId=USR-SIM-04, amount=150000.0"}
{"time":"2026-02-14 19:10:31","level":"INFO","service":"transaction-service","msg":"Published transaction event: txnId=47bccb75-065b-4a0f-944d-467e82653f61, partition=0, offset=58"}
{"time":"2026-02-14 19:10:31","level":"INFO","service":"transaction-service","msg":"Transaction submitted: txnId=47bccb75-065b-4a0f-944d-467e82653f61"}
{"time":"2026-02-14 19:10:31","level":"INFO","service":"transaction-service","msg":"Received Fraud Result for txnId=47bccb75-065b-4a0f-944d-467e82653f61: score=50, decision=ALERT"}
{"time":"2026-02-14 19:10:31","level":"INFO","service":"transaction-service","msg":"Updated transaction 47bccb75-065b-4a0f-944d-467e82653f61 with fraud result: risk=50, decision=ALERT"}
{"time":"2026-02-14 19:10:32","level":"INFO","service":"transaction-service","msg":"Transaction persisted: txnId=54ca0ebc-b23e-4811-b119-5613b0cd5316, userId=USR-SIM-04, amount=150000.0"}
{"time":"2026-02-14 19:10:32","level":"INFO","service":"transaction-service","msg":"Published transaction event: txnId=54ca0ebc-b23e-4811-b119-5613b0cd5316, partition=0, offset=59"}
{"time":"2026-02-14 19:10:32","level":"INFO","service":"transaction-service","msg":"Transaction submitted: txnId=54ca0ebc-b23e-4811-b119-5613b0cd5316"}
{"time":"2026-02-14 19:10:32","level":"INFO","service":"transaction-service","msg":"Received Fraud Result for txnId=54ca0ebc-b23e-4811-b119-5613b0cd5316: score=50, decision=ALERT"}
{"time":"2026-02-14 19:10:32","level":"INFO","service":"transaction-service","msg":"Updated transaction 54ca0ebc-b23e-4811-b119-5613b0cd5316 with fraud result: risk=50, decision=ALERT"}
{"time":"2026-02-14 19:10:33","level":"INFO","service":"transaction-service","msg":"Transaction persisted: txnId=d32e7e20-660c-4b1e-88db-325bd6ae23b0, userId=USR-SIM-04, amount=150000.0"}
{"time":"2026-02-14 19:10:33","level":"INFO","service":"transaction-service","msg":"Published transaction event: txnId=d32e7e20-660c-4b1e-88db-325bd6ae23b0, partition=0, offset=60"}
{"time":"2026-02-14 19:10:33","level":"INFO","service":"transaction-service","msg":"Transaction submitted: txnId=d32e7e20-660c-4b1e-88db-325bd6ae23b0"}
{"time":"2026-02-14 19:10:33","level":"INFO","service":"transaction-service","msg":"Received Fraud Result for txnId=d32e7e20-660c-4b1e-88db-325bd6ae23b0: score=50, decision=ALERT"}
{"time":"2026-02-14 19:10:33","level":"INFO","service":"transaction-service","msg":"Updated transaction d32e7e20-660c-4b1e-88db-325bd6ae23b0 with fraud result: risk=50, decision=ALERT"}
{"time":"2026-02-14 19:10:33","level":"INFO","service":"transaction-service","msg":"Transaction persisted: txnId=5b84f6ff-e24f-4e71-a953-82e63bf11bfe, userId=USR-SIM-04, amount=150000.0"}
{"time":"2026-02-14 19:10:33","level":"INFO","service":"transaction-service","msg":"Published transaction event: txnId=5b84f6ff-e24f-4e71-a953-82e63bf11bfe, partition=0, offset=61"}
{"time":"2026-02-14 19:10:33","level":"INFO","service":"transaction-service","msg":"Transaction submitted: txnId=5b84f6ff-e24f-4e71-a953-82e63bf11bfe"}
{"time":"2026-02-14 19:10:33","level":"INFO","service":"transaction-service","msg":"Received Fraud Result for txnId=5b84f6ff-e24f-4e71-a953-82e63bf11bfe: score=100, decision=BLOCK"}
{"time":"2026-02-14 19:10:33","level":"INFO","service":"transaction-service","msg":"Updated transaction 5b84f6ff-e24f-4e71-a953-82e63bf11bfe with fraud result: risk=100, decision=BLOCK"}
{"time":"2026-02-14 19:10:34","level":"INFO","service":"transaction-service","msg":"Transaction persisted: txnId=8edc336a-21c7-4e64-8a11-ab4a3cca0a1a, userId=USR-SIM-04, amount=150000.0"}
{"time":"2026-02-14 19:10:34","level":"INFO","service":"transaction-service","msg":"Published transaction event: txnId=8edc336a-21c7-4e64-8a11-ab4a3cca0a1a, partition=0, offset=62"}
{"time":"2026-02-14 19:10:34","level":"INFO","service":"transaction-service","msg":"Transaction submitted: txnId=8edc336a-21c7-4e64-8a11-ab4a3cca0a1a"}
{"time":"2026-02-14 19:10:34","level":"INFO","service":"transaction-service","msg":"Received Fraud Result for txnId=8edc336a-21c7-4e64-8a11-ab4a3cca0a1a: score=100, decision=BLOCK"}
{"time":"2026-02-14 19:10:34","level":"INFO","service":"transaction-service","msg":"Updated transaction 8edc336a-21c7-4e64-8a11-ab4a3cca0a1a with fraud result: risk=100, decision=BLOCK"}
{"time":"2026-02-14 19:10:35","level":"INFO","service":"transaction-service","msg":"Transaction persisted: txnId=82c0b23a-8e66-4c91-b4e9-1ea391c4efd5, userId=USR-SIM-04, amount=150000.0"}
{"time":"2026-02-14 19:10:35","level":"INFO","service":"transaction-service","msg":"Published transaction event: txnId=82c0b23a-8e66-4c91-b4e9-1ea391c4efd5, partition=0, offset=63"}
{"time":"2026-02-14 19:10:35","level":"INFO","service":"transaction-service","msg":"Transaction submitted: txnId=82c0b23a-8e66-4c91-b4e9-1ea391c4efd5"}
{"time":"2026-02-14 19:10:35","level":"INFO","service":"transaction-service","msg":"Received Fraud Result for txnId=82c0b23a-8e66-4c91-b4e9-1ea391c4efd5: score=100, decision=BLOCK"}
{"time":"2026-02-14 19:10:35","level":"INFO","service":"transaction-service","msg":"Updated transaction 82c0b23a-8e66-4c91-b4e9-1ea391c4efd5 with fraud result: risk=100, decision=BLOCK"}
{"time":"2026-02-14 19:14:32","level":"INFO","service":"transaction-service","msg":"[Consumer clientId=consumer-transaction-group-1, groupId=transaction-group] Node -1 disconnected."}
{"time":"2026-02-14 19:14:35","level":"INFO","service":"transaction-service","msg":"[Producer clientId=producer-1] Node -1 disconnected."}
